{"name": "test_create_user", "status": "failed", "statusDetails": {"message": "AssertionError: assert '2025-01-08T14:48:39.452Z' == datetime.datetime(2025, 1, 8, 14, 48, 39, 562729)", "trace": "def test_create_user():\n        body = {\n            \"name\": \"morpheus\",\n            \"job\": \"leader\"\n        }\n        response = httpx.post(BASE_URL + CREATE_USER, json=body)\n        assert response.status_code == 201\n    \n        response_json = response.json()\n        creation_date = str(response_json['createdAt'])\n        current_date = datetime.datetime.utcnow()\n>       assert creation_date == current_date\nE       AssertionError: assert '2025-01-08T14:48:39.452Z' == datetime.datetime(2025, 1, 8, 14, 48, 39, 562729)\n\ntests\\test_work_with_user_data.py:20: AssertionError"}, "start": 1736347718244, "stop": 1736347719563, "uuid": "cbdfddfe-9f41-4acc-a508-42e10279e13b", "historyId": "dfb3373b0441451fbf3ef32cb0efdb69", "testCaseId": "dfb3373b0441451fbf3ef32cb0efdb69", "fullName": "tests.test_work_with_user_data#test_create_user", "labels": [{"name": "parentSuite", "value": "tests"}, {"name": "suite", "value": "test_work_with_user_data"}, {"name": "host", "value": "WIN-L0M9L8LCB9P"}, {"name": "thread", "value": "13576-MainThread"}, {"name": "framework", "value": "pytest"}, {"name": "language", "value": "cpython3"}, {"name": "package", "value": "tests.test_work_with_user_data"}]}