{"name": "test_create_user", "status": "failed", "statusDetails": {"message": "AssertionError: assert '2025-01-08 14:50:51.592Z' == '2025-01-08 14:50:51.413297'\n  \n  - 2025-01-08 14:50:51.413297\n  ?                     ^^^ ^^\n  + 2025-01-08 14:50:51.592Z\n  ?                     ^^ ^", "trace": "def test_create_user():\n        body = {\n            \"name\": \"morpheus\",\n            \"job\": \"leader\"\n        }\n        response = httpx.post(BASE_URL + CREATE_USER, json=body)\n        assert response.status_code == 201\n    \n        response_json = response.json()\n        creation_date = response_json['createdAt'].replace('T', ' ')\n        current_date = str(datetime.datetime.utcnow())\n>       assert creation_date == current_date\nE       AssertionError: assert '2025-01-08 14:50:51.592Z' == '2025-01-08 14:50:51.413297'\nE         \nE         - 2025-01-08 14:50:51.413297\nE         ?                     ^^^ ^^\nE         + 2025-01-08 14:50:51.592Z\nE         ?                     ^^ ^\n\ntests\\test_work_with_user_data.py:20: AssertionError"}, "start": 1736347848827, "stop": 1736347851414, "uuid": "cd3df67d-586f-40a9-8eab-7bf5b5ef222e", "historyId": "dfb3373b0441451fbf3ef32cb0efdb69", "testCaseId": "dfb3373b0441451fbf3ef32cb0efdb69", "fullName": "tests.test_work_with_user_data#test_create_user", "labels": [{"name": "parentSuite", "value": "tests"}, {"name": "suite", "value": "test_work_with_user_data"}, {"name": "host", "value": "WIN-L0M9L8LCB9P"}, {"name": "thread", "value": "27012-MainThread"}, {"name": "framework", "value": "pytest"}, {"name": "language", "value": "cpython3"}, {"name": "package", "value": "tests.test_work_with_user_data"}]}