{"name": "test_create_user", "status": "failed", "statusDetails": {"message": "AssertionError: assert '2025-01-08T14:49:56.944Z' == '2025-01-08 14:49:56.758908'\n  \n  - 2025-01-08 14:49:56.758908\n  ?           ^         --- ^^\n  + 2025-01-08T14:49:56.944Z\n  ?           ^          ^^^", "trace": "def test_create_user():\n        body = {\n            \"name\": \"morpheus\",\n            \"job\": \"leader\"\n        }\n        response = httpx.post(BASE_URL + CREATE_USER, json=body)\n        assert response.status_code == 201\n    \n        response_json = response.json()\n        creation_date = response_json['createdAt']\n        current_date = str(datetime.datetime.utcnow())\n>       assert creation_date == current_date\nE       AssertionError: assert '2025-01-08T14:49:56.944Z' == '2025-01-08 14:49:56.758908'\nE         \nE         - 2025-01-08 14:49:56.758908\nE         ?           ^         --- ^^\nE         + 2025-01-08T14:49:56.944Z\nE         ?           ^          ^^^\n\ntests\\test_work_with_user_data.py:20: AssertionError"}, "start": 1736347795557, "stop": 1736347796760, "uuid": "cb828dfa-bdbf-4f2a-ba14-10b79f625592", "historyId": "dfb3373b0441451fbf3ef32cb0efdb69", "testCaseId": "dfb3373b0441451fbf3ef32cb0efdb69", "fullName": "tests.test_work_with_user_data#test_create_user", "labels": [{"name": "parentSuite", "value": "tests"}, {"name": "suite", "value": "test_work_with_user_data"}, {"name": "host", "value": "WIN-L0M9L8LCB9P"}, {"name": "thread", "value": "25152-MainThread"}, {"name": "framework", "value": "pytest"}, {"name": "language", "value": "cpython3"}, {"name": "package", "value": "tests.test_work_with_user_data"}]}